2018-02-11 10:42:27.723 [main] ERROR org.springframework.boot.SpringApplication - Application startup failed
java.lang.IllegalStateException: Error processing condition on com.alibaba.druid.spring.boot.autoconfigure.actuator.ActuatorConfiguration.druidDataSourceMvcEndpoint
	at org.springframework.boot.autoconfigure.condition.SpringBootCondition.matches(SpringBootCondition.java:64) ~[spring-boot-autoconfigure-1.5.10.RELEASE.jar:1.5.10.RELEASE]
	at org.springframework.context.annotation.ConditionEvaluator.shouldSkip(ConditionEvaluator.java:102) ~[spring-context-4.3.14.RELEASE.jar:4.3.14.RELEASE]
	at org.springframework.context.annotation.ConfigurationClassBeanDefinitionReader.loadBeanDefinitionsForBeanMethod(ConfigurationClassBeanDefinitionReader.java:178) ~[spring-context-4.3.14.RELEASE.jar:4.3.14.RELEASE]
	at org.springframework.context.annotation.ConfigurationClassBeanDefinitionReader.loadBeanDefinitionsForConfigurationClass(ConfigurationClassBeanDefinitionReader.java:140) ~[spring-context-4.3.14.RELEASE.jar:4.3.14.RELEASE]
	at org.springframework.context.annotation.ConfigurationClassBeanDefinitionReader.loadBeanDefinitions(ConfigurationClassBeanDefinitionReader.java:116) ~[spring-context-4.3.14.RELEASE.jar:4.3.14.RELEASE]
	at org.springframework.context.annotation.ConfigurationClassPostProcessor.processConfigBeanDefinitions(ConfigurationClassPostProcessor.java:320) ~[spring-context-4.3.14.RELEASE.jar:4.3.14.RELEASE]
	at org.springframework.context.annotation.ConfigurationClassPostProcessor.postProcessBeanDefinitionRegistry(ConfigurationClassPostProcessor.java:228) ~[spring-context-4.3.14.RELEASE.jar:4.3.14.RELEASE]
	at org.springframework.context.support.PostProcessorRegistrationDelegate.invokeBeanDefinitionRegistryPostProcessors(PostProcessorRegistrationDelegate.java:272) ~[spring-context-4.3.14.RELEASE.jar:4.3.14.RELEASE]
	at org.springframework.context.support.PostProcessorRegistrationDelegate.invokeBeanFactoryPostProcessors(PostProcessorRegistrationDelegate.java:92) ~[spring-context-4.3.14.RELEASE.jar:4.3.14.RELEASE]
	at org.springframework.context.support.AbstractApplicationContext.invokeBeanFactoryPostProcessors(AbstractApplicationContext.java:687) ~[spring-context-4.3.14.RELEASE.jar:4.3.14.RELEASE]
	at org.springframework.context.support.AbstractApplicationContext.refresh(AbstractApplicationContext.java:525) ~[spring-context-4.3.14.RELEASE.jar:4.3.14.RELEASE]
	at org.springframework.boot.SpringApplication.refresh(SpringApplication.java:693) ~[spring-boot-1.5.10.RELEASE.jar:1.5.10.RELEASE]
	at org.springframework.boot.SpringApplication.refreshContext(SpringApplication.java:360) ~[spring-boot-1.5.10.RELEASE.jar:1.5.10.RELEASE]
	at org.springframework.boot.SpringApplication.run(SpringApplication.java:303) ~[spring-boot-1.5.10.RELEASE.jar:1.5.10.RELEASE]
	at org.springframework.boot.test.context.SpringBootContextLoader.loadContext(SpringBootContextLoader.java:120) ~[spring-boot-test-1.5.10.RELEASE.jar:1.5.10.RELEASE]
	at org.springframework.test.context.cache.DefaultCacheAwareContextLoaderDelegate.loadContextInternal(DefaultCacheAwareContextLoaderDelegate.java:98) ~[spring-test-4.3.14.RELEASE.jar:4.3.14.RELEASE]
	at org.springframework.test.context.cache.DefaultCacheAwareContextLoaderDelegate.loadContext(DefaultCacheAwareContextLoaderDelegate.java:116) ~[spring-test-4.3.14.RELEASE.jar:4.3.14.RELEASE]
	at org.springframework.test.context.support.DefaultTestContext.getApplicationContext(DefaultTestContext.java:83) ~[spring-test-4.3.14.RELEASE.jar:4.3.14.RELEASE]
	at org.springframework.test.context.web.ServletTestExecutionListener.setUpRequestContextIfNecessary(ServletTestExecutionListener.java:189) ~[spring-test-4.3.14.RELEASE.jar:4.3.14.RELEASE]
	at org.springframework.test.context.web.ServletTestExecutionListener.prepareTestInstance(ServletTestExecutionListener.java:131) ~[spring-test-4.3.14.RELEASE.jar:4.3.14.RELEASE]
	at org.springframework.test.context.TestContextManager.prepareTestInstance(TestContextManager.java:230) ~[spring-test-4.3.14.RELEASE.jar:4.3.14.RELEASE]
	at org.springframework.test.context.junit4.SpringJUnit4ClassRunner.createTest(SpringJUnit4ClassRunner.java:228) ~[spring-test-4.3.14.RELEASE.jar:4.3.14.RELEASE]
	at org.springframework.test.context.junit4.SpringJUnit4ClassRunner$1.runReflectiveCall(SpringJUnit4ClassRunner.java:287) ~[spring-test-4.3.14.RELEASE.jar:4.3.14.RELEASE]
	at org.junit.internal.runners.model.ReflectiveCallable.run(ReflectiveCallable.java:12) ~[junit-4.12.jar:4.12]
	at org.springframework.test.context.junit4.SpringJUnit4ClassRunner.methodBlock(SpringJUnit4ClassRunner.java:289) ~[spring-test-4.3.14.RELEASE.jar:4.3.14.RELEASE]
	at org.springframework.test.context.junit4.SpringJUnit4ClassRunner.runChild(SpringJUnit4ClassRunner.java:247) ~[spring-test-4.3.14.RELEASE.jar:4.3.14.RELEASE]
	at org.springframework.test.context.junit4.SpringJUnit4ClassRunner.runChild(SpringJUnit4ClassRunner.java:94) ~[spring-test-4.3.14.RELEASE.jar:4.3.14.RELEASE]
	at org.junit.runners.ParentRunner$3.run(ParentRunner.java:290) ~[junit-4.12.jar:4.12]
	at org.junit.runners.ParentRunner$1.schedule(ParentRunner.java:71) ~[junit-4.12.jar:4.12]
	at org.junit.runners.ParentRunner.runChildren(ParentRunner.java:288) ~[junit-4.12.jar:4.12]
	at org.junit.runners.ParentRunner.access$000(ParentRunner.java:58) ~[junit-4.12.jar:4.12]
	at org.junit.runners.ParentRunner$2.evaluate(ParentRunner.java:268) ~[junit-4.12.jar:4.12]
	at org.springframework.test.context.junit4.statements.RunBeforeTestClassCallbacks.evaluate(RunBeforeTestClassCallbacks.java:61) ~[spring-test-4.3.14.RELEASE.jar:4.3.14.RELEASE]
	at org.springframework.test.context.junit4.statements.RunAfterTestClassCallbacks.evaluate(RunAfterTestClassCallbacks.java:70) ~[spring-test-4.3.14.RELEASE.jar:4.3.14.RELEASE]
	at org.junit.runners.ParentRunner.run(ParentRunner.java:363) ~[junit-4.12.jar:4.12]
	at org.springframework.test.context.junit4.SpringJUnit4ClassRunner.run(SpringJUnit4ClassRunner.java:191) ~[spring-test-4.3.14.RELEASE.jar:4.3.14.RELEASE]
	at org.eclipse.jdt.internal.junit4.runner.JUnit4TestReference.run(JUnit4TestReference.java:86) ~[.cp/:?]
	at org.eclipse.jdt.internal.junit.runner.TestExecution.run(TestExecution.java:38) ~[.cp/:?]
	at org.eclipse.jdt.internal.junit.runner.RemoteTestRunner.runTests(RemoteTestRunner.java:538) ~[.cp/:?]
	at org.eclipse.jdt.internal.junit.runner.RemoteTestRunner.runTests(RemoteTestRunner.java:760) ~[.cp/:?]
	at org.eclipse.jdt.internal.junit.runner.RemoteTestRunner.run(RemoteTestRunner.java:460) ~[.cp/:?]
	at org.eclipse.jdt.internal.junit.runner.RemoteTestRunner.main(RemoteTestRunner.java:206) ~[.cp/:?]
Caused by: java.lang.IllegalStateException: @ConditionalOnMissingBean did not specify a bean using type, name or annotation and the attempt to deduce the bean's type failed
	at org.springframework.boot.autoconfigure.condition.OnBeanCondition$BeanSearchSpec.validate(OnBeanCondition.java:309) ~[spring-boot-autoconfigure-1.5.10.RELEASE.jar:1.5.10.RELEASE]
	at org.springframework.boot.autoconfigure.condition.OnBeanCondition$BeanSearchSpec.<init>(OnBeanCondition.java:299) ~[spring-boot-autoconfigure-1.5.10.RELEASE.jar:1.5.10.RELEASE]
	at org.springframework.boot.autoconfigure.condition.OnBeanCondition.getMatchOutcome(OnBeanCondition.java:108) ~[spring-boot-autoconfigure-1.5.10.RELEASE.jar:1.5.10.RELEASE]
	at org.springframework.boot.autoconfigure.condition.SpringBootCondition.matches(SpringBootCondition.java:47) ~[spring-boot-autoconfigure-1.5.10.RELEASE.jar:1.5.10.RELEASE]
	... 41 more
Caused by: org.springframework.boot.autoconfigure.condition.OnBeanCondition$BeanTypeDeductionException: Failed to deduce bean type for com.alibaba.druid.spring.boot.autoconfigure.actuator.ActuatorConfiguration.druidDataSourceMvcEndpoint
	at org.springframework.boot.autoconfigure.condition.OnBeanCondition$BeanSearchSpec.addDeducedBeanTypeForBeanMethod(OnBeanCondition.java:362) ~[spring-boot-autoconfigure-1.5.10.RELEASE.jar:1.5.10.RELEASE]
	at org.springframework.boot.autoconfigure.condition.OnBeanCondition$BeanSearchSpec.addDeducedBeanType(OnBeanCondition.java:346) ~[spring-boot-autoconfigure-1.5.10.RELEASE.jar:1.5.10.RELEASE]
	at org.springframework.boot.autoconfigure.condition.OnBeanCondition$BeanSearchSpec.<init>(OnBeanCondition.java:293) ~[spring-boot-autoconfigure-1.5.10.RELEASE.jar:1.5.10.RELEASE]
	at org.springframework.boot.autoconfigure.condition.OnBeanCondition.getMatchOutcome(OnBeanCondition.java:108) ~[spring-boot-autoconfigure-1.5.10.RELEASE.jar:1.5.10.RELEASE]
	at org.springframework.boot.autoconfigure.condition.SpringBootCondition.matches(SpringBootCondition.java:47) ~[spring-boot-autoconfigure-1.5.10.RELEASE.jar:1.5.10.RELEASE]
	... 41 more
Caused by: java.lang.NoClassDefFoundError: org/springframework/boot/actuate/endpoint/mvc/AbstractMvcEndpoint
	at java.lang.ClassLoader.defineClass1(Native Method) ~[?:1.8.0_144]
	at java.lang.ClassLoader.defineClass(ClassLoader.java:763) ~[?:1.8.0_144]
	at java.security.SecureClassLoader.defineClass(SecureClassLoader.java:142) ~[?:1.8.0_144]
	at java.net.URLClassLoader.defineClass(URLClassLoader.java:467) ~[?:1.8.0_144]
	at java.net.URLClassLoader.access$100(URLClassLoader.java:73) ~[?:1.8.0_144]
	at java.net.URLClassLoader$1.run(URLClassLoader.java:368) ~[?:1.8.0_144]
	at java.net.URLClassLoader$1.run(URLClassLoader.java:362) ~[?:1.8.0_144]
	at java.security.AccessController.doPrivileged(Native Method) ~[?:1.8.0_144]
	at java.net.URLClassLoader.findClass(URLClassLoader.java:361) ~[?:1.8.0_144]
	at java.lang.ClassLoader.loadClass(ClassLoader.java:424) ~[?:1.8.0_144]
	at sun.misc.Launcher$AppClassLoader.loadClass(Launcher.java:335) ~[?:1.8.0_144]
	at java.lang.ClassLoader.loadClass(ClassLoader.java:357) ~[?:1.8.0_144]
	at org.springframework.util.ClassUtils.forName(ClassUtils.java:250) ~[spring-core-4.3.14.RELEASE.jar:4.3.14.RELEASE]
	at org.springframework.boot.autoconfigure.condition.OnBeanCondition$BeanSearchSpec.addDeducedBeanTypeForBeanMethod(OnBeanCondition.java:356) ~[spring-boot-autoconfigure-1.5.10.RELEASE.jar:1.5.10.RELEASE]
	at org.springframework.boot.autoconfigure.condition.OnBeanCondition$BeanSearchSpec.addDeducedBeanType(OnBeanCondition.java:346) ~[spring-boot-autoconfigure-1.5.10.RELEASE.jar:1.5.10.RELEASE]
	at org.springframework.boot.autoconfigure.condition.OnBeanCondition$BeanSearchSpec.<init>(OnBeanCondition.java:293) ~[spring-boot-autoconfigure-1.5.10.RELEASE.jar:1.5.10.RELEASE]
	at org.springframework.boot.autoconfigure.condition.OnBeanCondition.getMatchOutcome(OnBeanCondition.java:108) ~[spring-boot-autoconfigure-1.5.10.RELEASE.jar:1.5.10.RELEASE]
	at org.springframework.boot.autoconfigure.condition.SpringBootCondition.matches(SpringBootCondition.java:47) ~[spring-boot-autoconfigure-1.5.10.RELEASE.jar:1.5.10.RELEASE]
	... 41 more
Caused by: java.lang.ClassNotFoundException: org.springframework.boot.actuate.endpoint.mvc.AbstractMvcEndpoint
	at java.net.URLClassLoader.findClass(URLClassLoader.java:381) ~[?:1.8.0_144]
	at java.lang.ClassLoader.loadClass(ClassLoader.java:424) ~[?:1.8.0_144]
	at sun.misc.Launcher$AppClassLoader.loadClass(Launcher.java:335) ~[?:1.8.0_144]
	at java.lang.ClassLoader.loadClass(ClassLoader.java:357) ~[?:1.8.0_144]
	at java.lang.ClassLoader.defineClass1(Native Method) ~[?:1.8.0_144]
	at java.lang.ClassLoader.defineClass(ClassLoader.java:763) ~[?:1.8.0_144]
	at java.security.SecureClassLoader.defineClass(SecureClassLoader.java:142) ~[?:1.8.0_144]
	at java.net.URLClassLoader.defineClass(URLClassLoader.java:467) ~[?:1.8.0_144]
	at java.net.URLClassLoader.access$100(URLClassLoader.java:73) ~[?:1.8.0_144]
	at java.net.URLClassLoader$1.run(URLClassLoader.java:368) ~[?:1.8.0_144]
	at java.net.URLClassLoader$1.run(URLClassLoader.java:362) ~[?:1.8.0_144]
	at java.security.AccessController.doPrivileged(Native Method) ~[?:1.8.0_144]
	at java.net.URLClassLoader.findClass(URLClassLoader.java:361) ~[?:1.8.0_144]
	at java.lang.ClassLoader.loadClass(ClassLoader.java:424) ~[?:1.8.0_144]
	at sun.misc.Launcher$AppClassLoader.loadClass(Launcher.java:335) ~[?:1.8.0_144]
	at java.lang.ClassLoader.loadClass(ClassLoader.java:357) ~[?:1.8.0_144]
	at org.springframework.util.ClassUtils.forName(ClassUtils.java:250) ~[spring-core-4.3.14.RELEASE.jar:4.3.14.RELEASE]
	at org.springframework.boot.autoconfigure.condition.OnBeanCondition$BeanSearchSpec.addDeducedBeanTypeForBeanMethod(OnBeanCondition.java:356) ~[spring-boot-autoconfigure-1.5.10.RELEASE.jar:1.5.10.RELEASE]
	at org.springframework.boot.autoconfigure.condition.OnBeanCondition$BeanSearchSpec.addDeducedBeanType(OnBeanCondition.java:346) ~[spring-boot-autoconfigure-1.5.10.RELEASE.jar:1.5.10.RELEASE]
	at org.springframework.boot.autoconfigure.condition.OnBeanCondition$BeanSearchSpec.<init>(OnBeanCondition.java:293) ~[spring-boot-autoconfigure-1.5.10.RELEASE.jar:1.5.10.RELEASE]
	at org.springframework.boot.autoconfigure.condition.OnBeanCondition.getMatchOutcome(OnBeanCondition.java:108) ~[spring-boot-autoconfigure-1.5.10.RELEASE.jar:1.5.10.RELEASE]
	at org.springframework.boot.autoconfigure.condition.SpringBootCondition.matches(SpringBootCondition.java:47) ~[spring-boot-autoconfigure-1.5.10.RELEASE.jar:1.5.10.RELEASE]
	... 41 more
2018-02-11 10:42:27.725 [main] ERROR org.springframework.test.context.TestContextManager - Caught exception while allowing TestExecutionListener [org.springframework.test.context.web.ServletTestExecutionListener@7526515b] to prepare test instance [com.qin.spring.demo.ApplicationTests@c81fd12]
java.lang.NoClassDefFoundError: org/springframework/boot/actuate/endpoint/mvc/AbstractMvcEndpoint
	at java.lang.ClassLoader.defineClass1(Native Method) ~[?:1.8.0_144]
	at java.lang.ClassLoader.defineClass(ClassLoader.java:763) ~[?:1.8.0_144]
	at java.security.SecureClassLoader.defineClass(SecureClassLoader.java:142) ~[?:1.8.0_144]
	at java.net.URLClassLoader.defineClass(URLClassLoader.java:467) ~[?:1.8.0_144]
	at java.net.URLClassLoader.access$100(URLClassLoader.java:73) ~[?:1.8.0_144]
	at java.net.URLClassLoader$1.run(URLClassLoader.java:368) ~[?:1.8.0_144]
	at java.net.URLClassLoader$1.run(URLClassLoader.java:362) ~[?:1.8.0_144]
	at java.security.AccessController.doPrivileged(Native Method) ~[?:1.8.0_144]
	at java.net.URLClassLoader.findClass(URLClassLoader.java:361) ~[?:1.8.0_144]
	at java.lang.ClassLoader.loadClass(ClassLoader.java:424) ~[?:1.8.0_144]
	at sun.misc.Launcher$AppClassLoader.loadClass(Launcher.java:335) ~[?:1.8.0_144]
	at java.lang.ClassLoader.loadClass(ClassLoader.java:357) ~[?:1.8.0_144]
	at java.lang.Class.getDeclaredMethods0(Native Method) ~[?:1.8.0_144]
	at java.lang.Class.privateGetDeclaredMethods(Class.java:2701) ~[?:1.8.0_144]
	at java.lang.Class.getDeclaredMethods(Class.java:1975) ~[?:1.8.0_144]
	at org.springframework.util.ReflectionUtils.getDeclaredMethods(ReflectionUtils.java:613) ~[spring-core-4.3.14.RELEASE.jar:4.3.14.RELEASE]
	at org.springframework.util.ReflectionUtils.doWithMethods(ReflectionUtils.java:524) ~[spring-core-4.3.14.RELEASE.jar:4.3.14.RELEASE]
	at org.springframework.util.ReflectionUtils.doWithMethods(ReflectionUtils.java:510) ~[spring-core-4.3.14.RELEASE.jar:4.3.14.RELEASE]
	at org.springframework.util.ReflectionUtils.getUniqueDeclaredMethods(ReflectionUtils.java:570) ~[spring-core-4.3.14.RELEASE.jar:4.3.14.RELEASE]
	at org.springframework.beans.factory.support.AbstractAutowireCapableBeanFactory.getTypeForFactoryMethod(AbstractAutowireCapableBeanFactory.java:697) ~[spring-beans-4.3.14.RELEASE.jar:4.3.14.RELEASE]
	at org.springframework.beans.factory.support.AbstractAutowireCapableBeanFactory.determineTargetType(AbstractAutowireCapableBeanFactory.java:640) ~[spring-beans-4.3.14.RELEASE.jar:4.3.14.RELEASE]
	at org.springframework.beans.factory.support.AbstractAutowireCapableBeanFactory.predictBeanType(AbstractAutowireCapableBeanFactory.java:609) ~[spring-beans-4.3.14.RELEASE.jar:4.3.14.RELEASE]
	at org.springframework.beans.factory.support.AbstractBeanFactory.isFactoryBean(AbstractBeanFactory.java:1484) ~[spring-beans-4.3.14.RELEASE.jar:4.3.14.RELEASE]
	at org.springframework.beans.factory.support.DefaultListableBeanFactory.doGetBeanNamesForType(DefaultListableBeanFactory.java:425) ~[spring-beans-4.3.14.RELEASE.jar:4.3.14.RELEASE]
	at org.springframework.beans.factory.support.DefaultListableBeanFactory.getBeanNamesForType(DefaultListableBeanFactory.java:395) ~[spring-beans-4.3.14.RELEASE.jar:4.3.14.RELEASE]
	at org.springframework.beans.factory.support.DefaultListableBeanFactory.getBeansOfType(DefaultListableBeanFactory.java:515) ~[spring-beans-4.3.14.RELEASE.jar:4.3.14.RELEASE]
	at org.springframework.beans.factory.support.DefaultListableBeanFactory.getBeansOfType(DefaultListableBeanFactory.java:508) ~[spring-beans-4.3.14.RELEASE.jar:4.3.14.RELEASE]
	at org.springframework.context.support.AbstractApplicationContext.getBeansOfType(AbstractApplicationContext.java:1188) ~[spring-context-4.3.14.RELEASE.jar:4.3.14.RELEASE]
	at org.springframework.boot.SpringApplication.getExitCodeFromMappedException(SpringApplication.java:818) ~[spring-boot-1.5.10.RELEASE.jar:1.5.10.RELEASE]
	at org.springframework.boot.SpringApplication.getExitCodeFromException(SpringApplication.java:804) ~[spring-boot-1.5.10.RELEASE.jar:1.5.10.RELEASE]
	at org.springframework.boot.SpringApplication.handleExitCode(SpringApplication.java:790) ~[spring-boot-1.5.10.RELEASE.jar:1.5.10.RELEASE]
	at org.springframework.boot.SpringApplication.handleRunFailure(SpringApplication.java:744) ~[spring-boot-1.5.10.RELEASE.jar:1.5.10.RELEASE]
	at org.springframework.boot.SpringApplication.run(SpringApplication.java:314) ~[spring-boot-1.5.10.RELEASE.jar:1.5.10.RELEASE]
	at org.springframework.boot.test.context.SpringBootContextLoader.loadContext(SpringBootContextLoader.java:120) ~[spring-boot-test-1.5.10.RELEASE.jar:1.5.10.RELEASE]
	at org.springframework.test.context.cache.DefaultCacheAwareContextLoaderDelegate.loadContextInternal(DefaultCacheAwareContextLoaderDelegate.java:98) ~[spring-test-4.3.14.RELEASE.jar:4.3.14.RELEASE]
	at org.springframework.test.context.cache.DefaultCacheAwareContextLoaderDelegate.loadContext(DefaultCacheAwareContextLoaderDelegate.java:116) ~[spring-test-4.3.14.RELEASE.jar:4.3.14.RELEASE]
	at org.springframework.test.context.support.DefaultTestContext.getApplicationContext(DefaultTestContext.java:83) ~[spring-test-4.3.14.RELEASE.jar:4.3.14.RELEASE]
	at org.springframework.test.context.web.ServletTestExecutionListener.setUpRequestContextIfNecessary(ServletTestExecutionListener.java:189) ~[spring-test-4.3.14.RELEASE.jar:4.3.14.RELEASE]
	at org.springframework.test.context.web.ServletTestExecutionListener.prepareTestInstance(ServletTestExecutionListener.java:131) ~[spring-test-4.3.14.RELEASE.jar:4.3.14.RELEASE]
	at org.springframework.test.context.TestContextManager.prepareTestInstance(TestContextManager.java:230) ~[spring-test-4.3.14.RELEASE.jar:4.3.14.RELEASE]
	at org.springframework.test.context.junit4.SpringJUnit4ClassRunner.createTest(SpringJUnit4ClassRunner.java:228) ~[spring-test-4.3.14.RELEASE.jar:4.3.14.RELEASE]
	at org.springframework.test.context.junit4.SpringJUnit4ClassRunner$1.runReflectiveCall(SpringJUnit4ClassRunner.java:287) ~[spring-test-4.3.14.RELEASE.jar:4.3.14.RELEASE]
	at org.junit.internal.runners.model.ReflectiveCallable.run(ReflectiveCallable.java:12) ~[junit-4.12.jar:4.12]
	at org.springframework.test.context.junit4.SpringJUnit4ClassRunner.methodBlock(SpringJUnit4ClassRunner.java:289) ~[spring-test-4.3.14.RELEASE.jar:4.3.14.RELEASE]
	at org.springframework.test.context.junit4.SpringJUnit4ClassRunner.runChild(SpringJUnit4ClassRunner.java:247) ~[spring-test-4.3.14.RELEASE.jar:4.3.14.RELEASE]
	at org.springframework.test.context.junit4.SpringJUnit4ClassRunner.runChild(SpringJUnit4ClassRunner.java:94) ~[spring-test-4.3.14.RELEASE.jar:4.3.14.RELEASE]
	at org.junit.runners.ParentRunner$3.run(ParentRunner.java:290) ~[junit-4.12.jar:4.12]
	at org.junit.runners.ParentRunner$1.schedule(ParentRunner.java:71) ~[junit-4.12.jar:4.12]
	at org.junit.runners.ParentRunner.runChildren(ParentRunner.java:288) ~[junit-4.12.jar:4.12]
	at org.junit.runners.ParentRunner.access$000(ParentRunner.java:58) ~[junit-4.12.jar:4.12]
	at org.junit.runners.ParentRunner$2.evaluate(ParentRunner.java:268) ~[junit-4.12.jar:4.12]
	at org.springframework.test.context.junit4.statements.RunBeforeTestClassCallbacks.evaluate(RunBeforeTestClassCallbacks.java:61) ~[spring-test-4.3.14.RELEASE.jar:4.3.14.RELEASE]
	at org.springframework.test.context.junit4.statements.RunAfterTestClassCallbacks.evaluate(RunAfterTestClassCallbacks.java:70) ~[spring-test-4.3.14.RELEASE.jar:4.3.14.RELEASE]
	at org.junit.runners.ParentRunner.run(ParentRunner.java:363) ~[junit-4.12.jar:4.12]
	at org.springframework.test.context.junit4.SpringJUnit4ClassRunner.run(SpringJUnit4ClassRunner.java:191) ~[spring-test-4.3.14.RELEASE.jar:4.3.14.RELEASE]
	at org.eclipse.jdt.internal.junit4.runner.JUnit4TestReference.run(JUnit4TestReference.java:86) ~[.cp/:?]
	at org.eclipse.jdt.internal.junit.runner.TestExecution.run(TestExecution.java:38) ~[.cp/:?]
	at org.eclipse.jdt.internal.junit.runner.RemoteTestRunner.runTests(RemoteTestRunner.java:538) ~[.cp/:?]
	at org.eclipse.jdt.internal.junit.runner.RemoteTestRunner.runTests(RemoteTestRunner.java:760) ~[.cp/:?]
	at org.eclipse.jdt.internal.junit.runner.RemoteTestRunner.run(RemoteTestRunner.java:460) ~[.cp/:?]
	at org.eclipse.jdt.internal.junit.runner.RemoteTestRunner.main(RemoteTestRunner.java:206) ~[.cp/:?]
Caused by: java.lang.ClassNotFoundException: org.springframework.boot.actuate.endpoint.mvc.AbstractMvcEndpoint
	at java.net.URLClassLoader.findClass(URLClassLoader.java:381) ~[?:1.8.0_144]
	at java.lang.ClassLoader.loadClass(ClassLoader.java:424) ~[?:1.8.0_144]
	at sun.misc.Launcher$AppClassLoader.loadClass(Launcher.java:335) ~[?:1.8.0_144]
	at java.lang.ClassLoader.loadClass(ClassLoader.java:357) ~[?:1.8.0_144]
	... 61 more
